<?xml version="1.0" encoding="UTF-8"?>
<!-- Generated by org.testng.reporters.JUnitXMLReporter -->
<testsuite ignored="0" hostname="DESKTOP-NK5MS86" failures="0" tests="3" name="GitHub_RestAssured_Project" time="5.011" errors="0" timestamp="2022-05-25T16:29:54 IST">
  <testcase classname="ProjectTest" name="postApiRequest" time="2.738"/>
  <testcase classname="ProjectTest" name="getSshKeyRequest" time="0.435"/>
  <testcase classname="ProjectTest" name="DeleteKeyRequest" time="0.755"/>
</testsuite> <!-- GitHub_RestAssured_Project -->
